[0m[[0m[0mdebug[0m] [0m[0m> Exec(early(addDefaultCommands), None, None)[0m
[0m[[0m[0mdebug[0m] [0m[0m> Exec(addDefaultCommands, None, None)[0m
[0m[[0m[0mdebug[0m] [0m[0m> Exec(early(initialize), None, None)[0m
[0m[[0m[0mdebug[0m] [0m[0m> Exec(initialize, None, None)[0m
[0m[[0m[0mdebug[0m] [0m[0m> Exec(boot, None, None)[0m
[0m[[0m[0mdebug[0m] [0m[0m> Exec(writeSbtVersion, None, None)[0m
[0m[[0m[0mdebug[0m] [0m[0m> Exec(reload, None, None)[0m
[0m[[0m[0mdebug[0m] [0m[0m> Exec(sbtStashOnFailure, None, None)[0m
[0m[[0m[0mdebug[0m] [0m[0m> Exec(onFailure loadFailed, None, None)[0m
[0m[[0m[0mdebug[0m] [0m[0m> Exec(loadp, None, None)[0m
[0m[[0m[0minfo[0m] [0m[0mwelcome to sbt 1.4.3 (Private Build Java 14.0.2)[0m
[0m[[0m[0mdebug[0m] [0m[0mLoad.defaultLoad until apply took 1456.349024ms[0m
[0m[[0m[0mdebug[0m] [0m[0m          Load.loadUnit: plugins took 133.297076ms[0m
[0m[[0m[0mdebug[0m] [0m[0m          Load.loadUnit: defsScala took 0.360989ms[0m
[0m[[0m[0mdebug[0m] [0m[0m[Loading] Scanning directory /home/mattia/IdeaProjects/progettobigdata/project[0m
[0m[[0m[0mdebug[0m] [0m[0m[Loading] Found non-root projects [0m
[0m[[0m[0mdebug[0m] [0m[0m[Loading] Done in /home/mattia/IdeaProjects/progettobigdata/project, returning: ()[0m
[0m[[0m[0mdebug[0m] [0m[0mdeducing auto plugins based on known facts Set(Atom(sbt.plugins.CorePlugin)) and clauses Clauses(List(Clause(Atom(sbt.plugins.JvmPlugin),Set(Atom(sbt.plugins.IvyPlugin))), Clause(Atom(sbt.ScriptedPlugin),Set(Atom(sbt.plugins.JvmPlugin))), Clause(Atom(sbt.plugins.SbtPlugin),Set(Atom(sbt.ScriptedPlugin))), Clause(Atom(sbt.plugins.SemanticdbPlugin),Set(Atom(sbt.plugins.JvmPlugin))), Clause(Atom(sbt.plugins.JUnitXmlReportPlugin),Set(Atom(sbt.plugins.JvmPlugin))), Clause(Atom(sbt.plugins.MiniDependencyTreePlugin),Set(Atom(sbt.plugins.JvmPlugin))), Clause(Atom(sbt.plugins.CorePlugin),Set(Atom(sbt.plugins.IvyPlugin))), Clause(Atom(sbt.plugins.IvyPlugin),Set(Atom(sbt.plugins.JvmPlugin))), Clause(Atom(sbt.plugins.JvmPlugin),Set(Atom(sbt.plugins.SemanticdbPlugin))), Clause(Atom(sbt.plugins.JvmPlugin),Set(Atom(sbt.plugins.JUnitXmlReportPlugin))), Clause(Atom(sbt.plugins.CorePlugin),Set(Atom(sbt.plugins.Giter8TemplatePlugin))), Clause(Atom(sbt.plugins.JvmPlugin),Set(Atom(sbt.plugins.MiniDependencyTreePlugin)))))[0m
[0m[[0m[0mdebug[0m] [0m[0m  :: deduced result: Matched(sbt.plugins.CorePlugin,sbt.plugins.Giter8TemplatePlugin,sbt.plugins.IvyPlugin,sbt.plugins.JvmPlugin,sbt.plugins.MiniDependencyTreePlugin,sbt.plugins.JUnitXmlReportPlugin,sbt.plugins.SemanticdbPlugin)[0m
[0m[[0m[0mdebug[0m] [0m[0mPlugins.deducer#function took 27.924305 ms[0m
[0m[[0m[0mdebug[0m] [0m[0m              Load.resolveProject(progettobigdata-build) took 75.136988ms[0m
[0m[[0m[0mdebug[0m] [0m[0m            Load.loadTransitive: finalizeProject(Project(id progettobigdata-build, base: /home/mattia/IdeaProjects/progettobigdata/project, plugins: List(<none>))) took 128.096476ms[0m
[0m[[0m[0mdebug[0m] [0m[0m[Loading] Done in /home/mattia/IdeaProjects/progettobigdata/project, returning: (progettobigdata-build)[0m
[0m[[0m[0mdebug[0m] [0m[0m          Load.loadUnit: loadedProjectsRaw took 163.428405ms[0m
[0m[[0m[0mdebug[0m] [0m[0m          Load.loadUnit: cleanEvalClasses took 0.356806ms[0m
[0m[[0m[0mdebug[0m] [0m[0m        Load.loadUnit(file:/home/mattia/IdeaProjects/progettobigdata/project/, ...) took 304.230805ms[0m
[0m[[0m[0mdebug[0m] [0m[0m      Load.apply: load took 857.987857ms[0m
[0m[[0m[0mdebug[0m] [0m[0m      Load.apply: resolveProjects took 10.571802ms[0m
[0m[[0m[0mdebug[0m] [0m[0m      Load.apply: finalTransforms took 117.924132ms[0m
[0m[[0m[0mdebug[0m] [0m[0m      Load.apply: config.delegates took 10.458465ms[0m
[0m[[0m[0mdebug[0m] [0m[0m      Load.apply: Def.make(settings)... took 1079.235368ms[0m
[0m[[0m[0mdebug[0m] [0m[0m      Load.apply: structureIndex took 176.978781ms[0m
[0m[[0m[0mdebug[0m] [0m[0m      Load.apply: mkStreams took 2.049171ms[0m
[0m[[0m[0minfo[0m] [0m[0mloading project definition from /home/mattia/IdeaProjects/progettobigdata/project[0m
[0m[[0m[0mdebug[0m] [0m[0mRunning task... Cancel: Signal, check cycles: false, forcegc: true[0m
[0m[[0m[0mdebug[0m] [0m[0m    Load.loadUnit: plugins took 6409.908949ms[0m
[0m[[0m[0mdebug[0m] [0m[0m    Load.loadUnit: defsScala took 0.006943ms[0m
[0m[[0m[0mdebug[0m] [0m[0m[Loading] Scanning directory /home/mattia/IdeaProjects/progettobigdata[0m
[0m[[0m[0mdebug[0m] [0m[0m      Load.loadUnit: mkEval took 5.815004ms[0m
[0m[[0m[0mdebug[0m] [0m[0m[Loading] Found non-root projects [0m
[0m[[0m[0mdebug[0m] [0m[0m[Loading] Done in /home/mattia/IdeaProjects/progettobigdata, returning: ()[0m
[0m[[0m[0mdebug[0m] [0m[0mdeducing auto plugins based on known facts Set(Atom(sbt.plugins.CorePlugin)) and clauses Clauses(List(Clause(Atom(sbt.plugins.JvmPlugin),Set(Atom(sbt.plugins.IvyPlugin))), Clause(Atom(sbt.ScriptedPlugin),Set(Atom(sbt.plugins.JvmPlugin))), Clause(Atom(sbt.plugins.SbtPlugin),Set(Atom(sbt.ScriptedPlugin))), Clause(Atom(sbt.plugins.SemanticdbPlugin),Set(Atom(sbt.plugins.JvmPlugin))), Clause(Atom(sbt.plugins.JUnitXmlReportPlugin),Set(Atom(sbt.plugins.JvmPlugin))), Clause(Atom(sbt.plugins.MiniDependencyTreePlugin),Set(Atom(sbt.plugins.JvmPlugin))), Clause(Atom(sbt.plugins.CorePlugin),Set(Atom(sbt.plugins.IvyPlugin))), Clause(Atom(sbt.plugins.IvyPlugin),Set(Atom(sbt.plugins.JvmPlugin))), Clause(Atom(sbt.plugins.JvmPlugin),Set(Atom(sbt.plugins.SemanticdbPlugin))), Clause(Atom(sbt.plugins.JvmPlugin),Set(Atom(sbt.plugins.JUnitXmlReportPlugin))), Clause(Atom(sbt.plugins.CorePlugin),Set(Atom(sbt.plugins.Giter8TemplatePlugin))), Clause(Atom(sbt.plugins.JvmPlugin),Set(Atom(sbt.plugins.MiniDependencyTreePlugin)))))[0m
[0m[[0m[0mdebug[0m] [0m[0m  :: deduced result: Matched(sbt.plugins.CorePlugin,sbt.plugins.Giter8TemplatePlugin,sbt.plugins.IvyPlugin,sbt.plugins.JvmPlugin,sbt.plugins.MiniDependencyTreePlugin,sbt.plugins.JUnitXmlReportPlugin,sbt.plugins.SemanticdbPlugin)[0m
[0m[[0m[0mdebug[0m] [0m[0mPlugins.deducer#function took 2.598331 ms[0m
[0m[[0m[0minfo[0m] [0m[0mloading settings for project progettobigdata from build.sbt ...[0m
[0m[[0m[0mdebug[0m] [0m[0m        Load.resolveProject(progettobigdata) took 8.530415ms[0m
[0m[[0m[0mdebug[0m] [0m[0m      Load.loadTransitive: finalizeProject(Project(id progettobigdata, base: /home/mattia/IdeaProjects/progettobigdata, plugins: List(<none>))) took 11.88223ms[0m
[0m[[0m[0mdebug[0m] [0m[0m[Loading] Done in /home/mattia/IdeaProjects/progettobigdata, returning: (progettobigdata)[0m
[0m[[0m[0mdebug[0m] [0m[0m    Load.loadUnit: loadedProjectsRaw took 4232.928157ms[0m
[0m[[0m[0mdebug[0m] [0m[0m    Load.loadUnit: cleanEvalClasses took 7.485039ms[0m
[0m[[0m[0mdebug[0m] [0m[0m  Load.loadUnit(file:/home/mattia/IdeaProjects/progettobigdata/, ...) took 10652.425638ms[0m
[0m[[0m[0mdebug[0m] [0m[0mLoad.apply: load took 10691.490658ms[0m
[0m[[0m[0mdebug[0m] [0m[0mLoad.apply: resolveProjects took 0.146431ms[0m
[0m[[0m[0mdebug[0m] [0m[0mLoad.apply: finalTransforms took 26.247583ms[0m
[0m[[0m[0mdebug[0m] [0m[0mLoad.apply: config.delegates took 0.714317ms[0m
[0m[[0m[0mdebug[0m] [0m[0mLoad.apply: Def.make(settings)... took 217.412482ms[0m
[0m[[0m[0mdebug[0m] [0m[0mLoad.apply: structureIndex took 59.87199ms[0m
[0m[[0m[0mdebug[0m] [0m[0mLoad.apply: mkStreams took 0.004242ms[0m
[0m[[0m[0minfo[0m] [0m[0mset current project to progettobigdata (in build file:/home/mattia/IdeaProjects/progettobigdata/)[0m
[0m[[0m[0mdebug[0m] [0m[0m> Exec(sbtPopOnFailure, None, None)[0m
[0m[[0m[0mdebug[0m] [0m[0m> Exec(resumeFromFailure, None, None)[0m
[0m[[0m[0mdebug[0m] [0m[0m> Exec(notifyUsersAboutShell, None, None)[0m
[0m[[0m[0mdebug[0m] [0m[0m> Exec(iflast shell, None, None)[0m
[0m[[0m[0mdebug[0m] [0m[0m> Exec(package, None, None)[0m
[0m[[0m[0mdebug[0m] [0m[0mEvaluating tasks: Compile / package[0m
[0m[[0m[0mdebug[0m] [0m[0mRunning task... Cancel: Signal, check cycles: false, forcegc: true[0m
[0m[[0m[33mwarn[0m] [0m[0mIn the last 73 seconds, 5.697 (7,8%) were spent in GC. [Heap: 0,88GB free of 1,00GB, max 1,00GB] Consider increasing the JVM heap using `-Xmx` or try a different collector, e.g. `-XX:+UseG1GC`, for better performance.[0m
[0m[[0m[33mwarn[0m] [0m[0mThere may be incompatibilities among your library dependencies; run 'evicted' to see detailed eviction warnings.[0m
